=== BOOT: 2025-09-20T01:36:26.161685Z ===
=== BOOT: 2025-09-20T01:37:50.227015Z ===
=== SYS.EXIT(0): 2025-09-20T01:40:44.825392Z ===
=== BOOT: 2025-09-20T01:40:51.399582Z ===
=== RUN_OK: 2025-09-20T01:40:52.388681Z ===
=== BOOT: 2025-09-20T01:45:03.231578Z === 
=== IMPORTED: 2025-09-20T01:45:04.091424Z === <module 'app.app_merged' from 'C:\\Code\\spectra-app\\app\\app_merged.py'>
=== RUN_AS_MAIN: 2025-09-20T01:45:04.091424Z === 
=== RUN_AS_MAIN_OK: 2025-09-20T01:45:04.094431Z === 
=== BOOT: 2025-09-20T01:46:57.905905Z === 
=== IMPORTED: 2025-09-20T01:46:57.910904Z === <module 'app.app_merged' from 'C:\\Code\\spectra-app\\app\\app_merged.py'>
=== RUN_AS_MAIN: 2025-09-20T01:46:57.910904Z === 
=== RUN_AS_MAIN_OK: 2025-09-20T01:46:57.914422Z === 
=== BOOT: 2025-09-20T01:59:47Z ===
=== IMPORTED: 2025-09-20T01:59:49Z === <module 'app.app_merged' from 'C:\\Code\\spectra-app\\app\\app_merged.py'>
=== BOOT: 2025-09-20T02:01:31Z ===
=== IMPORTED: 2025-09-20T02:01:31Z === <module 'app.app_merged' from 'C:\\Code\\spectra-app\\app\\app_merged.py'>
=== BOOT: 2025-09-20T02:02:27Z ===
=== IMPORTED: 2025-09-20T02:02:28Z === <module 'app.app_merged' from 'C:\\Code\\spectra-app\\app\\app_merged.py'>
=== BOOT: 2025-09-20T02:02:56Z ===
=== IMPORTED: 2025-09-20T02:02:57Z === <module 'app.app_merged' from 'C:\\Code\\spectra-app\\app\\app_merged.py'>
=== BOOT: 2025-09-20T02:03:19Z ===
=== IMPORTED: 2025-09-20T02:03:20Z === <module 'app.app_merged' from 'C:\\Code\\spectra-app\\app\\app_merged.py'>
=== BOOT: 2025-09-20T02:04:13Z ===
=== IMPORTED: 2025-09-20T02:04:13Z === <module 'app.app_merged' from 'C:\\Code\\spectra-app\\app\\app_merged.py'>
=== BOOT: 2025-09-20T02:04:32Z ===
=== IMPORTED: 2025-09-20T02:04:32Z === <module 'app.app_merged' from 'C:\\Code\\spectra-app\\app\\app_merged.py'>
=== BOOT: 2025-09-20T02:04:50Z ===
=== IMPORTED: 2025-09-20T02:04:51Z === <module 'app.app_merged' from 'C:\\Code\\spectra-app\\app\\app_merged.py'>
=== BOOT: 2025-09-20T02:07:26Z ===
=== IMPORTED: 2025-09-20T02:07:27Z === <module 'app.app_merged' from 'C:\\Code\\spectra-app\\app\\app_merged.py'>
=== BOOT: 2025-09-20T02:07:54Z ===
=== IMPORTED: 2025-09-20T02:07:54Z === <module 'app.app_merged' from 'C:\\Code\\spectra-app\\app\\app_merged.py'>
2025-09-20T02:17:04Z === SmartEntry boot ===
2025-09-20T02:17:04Z IMPORT app.app_merged
2025-09-20T02:17:05Z NO_EXPLICIT_ENTRY -> fallback to run_module
2025-09-20T02:17:05Z RUN_MODULE_AS_MAIN app.app_merged
2025-09-20T02:21:06Z Applying v1.1.4c9b SmartEntry
2025-09-20T02:21:06Z SmartEntry v1.1.4c9b installed -> C:\Code\spectra-app\app\app_patched.py (backup: C:\Code\spectra-app\app\app_patched.py.bak.v1.1.4c9b)
2025-09-20T02:21:07Z Purged __pycache__
2025-09-20T02:21:49Z SmartEntry boot
2025-09-20T02:21:49Z IMPORT app.app_merged
2025-09-20T02:21:51Z EXPORTS ['Path']
2025-09-20T02:21:51Z NO_EXPLICIT_ENTRY -> fallback to run_module
2025-09-20T02:21:51Z RUN_MODULE_AS_MAIN app.app_merged
2025-09-20T02:22:08Z SmartEntry boot
2025-09-20T02:22:08Z IMPORT app.app_merged
2025-09-20T02:22:08Z EXPORTS ['Path']
2025-09-20T02:22:08Z NO_EXPLICIT_ENTRY -> fallback to run_module
2025-09-20T02:22:08Z RUN_MODULE_AS_MAIN app.app_merged
2025-09-20T02:22:12Z SmartEntry boot
2025-09-20T02:22:12Z IMPORT app.app_merged
2025-09-20T02:22:13Z ENV SPECTRA_APP_ENTRY=render
2025-09-20T02:22:13Z EXPORTS ['Path']
2025-09-20T02:22:13Z NO_EXPLICIT_ENTRY -> fallback to run_module
2025-09-20T02:22:13Z RUN_MODULE_AS_MAIN app.app_merged
2025-09-20T03:38:08Z SmartEntry boot
2025-09-20T03:38:08Z IMPORT app.app_merged
2025-09-20T03:38:11Z EXPORTS ['Path']
2025-09-20T03:38:11Z NO_EXPLICIT_ENTRY -> fallback to run_module
2025-09-20T03:38:11Z RUN_MODULE_AS_MAIN app.app_merged
2025-09-20T03:45:18Z Applying v1.1.4c9c FindEntry
2025-09-20T03:45:19Z Installed v1.1.4c9c SmartEntry (backup at C:\Code\spectra-app\app\app_patched.py.bak.v1.1.4c9c)
2025-09-20T03:45:40Z SmartEntry boot
2025-09-20T03:45:46Z EXPORTS app.app_merged -> ['Path']
2025-09-20T03:45:46Z IMPORT_ERR app.app: ModuleNotFoundError: No module named 'app.app'
2025-09-20T03:45:46Z IMPORT_ERR app.ui.entry: ModuleNotFoundError: No module named 'app.ui.entry'
2025-09-20T03:45:46Z IMPORT_ERR app.ui.app: ModuleNotFoundError: No module named 'app.ui.app'
2025-09-20T03:45:46Z IMPORT_ERR app.ui.overlay: ModuleNotFoundError: No module named 'app.ui.overlay'
2025-09-20T03:45:46Z IMPORT_ERR app.main: ModuleNotFoundError: No module named 'app.main'
2025-09-20T03:45:46Z EXPORTS app._version -> ['Path', 'get_version_info']
2025-09-20T03:45:46Z EXPORTS app.app_merged -> ['Path']
2025-09-20T03:45:46Z EXPORTS app.app_patched -> ['List']
2025-09-20T03:45:47Z EXPORTS app.ui.main -> ['Path', 'get_version_info']
2025-09-20T03:45:47Z EXPORTS app.ui.safe -> ['Path', 'read_version_caption', 'safe_ingest', 'safe_read_text']
2025-09-20T03:45:47Z NO_EXPLICIT_ENTRY -> fallback to run_module
2025-09-20T03:45:47Z RUN_MODULE_AS_MAIN app.app_merged
2025-09-20T03:50:42Z SmartEntry boot
2025-09-20T03:50:42Z EXPORTS app.app_merged -> ['Path']
2025-09-20T03:50:42Z IMPORT_ERR app.app: ModuleNotFoundError: No module named 'app.app'
2025-09-20T03:50:42Z IMPORT_ERR app.ui.entry: ModuleNotFoundError: No module named 'app.ui.entry'
2025-09-20T03:50:42Z IMPORT_ERR app.ui.app: ModuleNotFoundError: No module named 'app.ui.app'
2025-09-20T03:50:42Z IMPORT_ERR app.ui.overlay: ModuleNotFoundError: No module named 'app.ui.overlay'
2025-09-20T03:50:42Z IMPORT_ERR app.main: ModuleNotFoundError: No module named 'app.main'
2025-09-20T03:50:42Z EXPORTS app._version -> ['Path', 'get_version_info']
2025-09-20T03:50:42Z EXPORTS app.app_merged -> ['Path']
2025-09-20T03:50:42Z EXPORTS app.app_patched -> ['List']
2025-09-20T03:50:43Z EXPORTS app.ui.main -> ['Path', 'get_version_info']
2025-09-20T03:50:43Z EXPORTS app.ui.safe -> ['Path', 'read_version_caption', 'safe_ingest', 'safe_read_text']
2025-09-20T03:50:43Z NO_EXPLICIT_ENTRY -> fallback to run_module
2025-09-20T03:50:43Z RUN_MODULE_AS_MAIN app.app_merged
2025-09-20T03:50:44Z SmartEntry boot
2025-09-20T03:50:44Z EXPORTS app.app_merged -> ['Path']
2025-09-20T03:50:44Z IMPORT_ERR app.app: ModuleNotFoundError: No module named 'app.app'
2025-09-20T03:50:44Z IMPORT_ERR app.ui.entry: ModuleNotFoundError: No module named 'app.ui.entry'
2025-09-20T03:50:44Z IMPORT_ERR app.ui.app: ModuleNotFoundError: No module named 'app.ui.app'
2025-09-20T03:50:44Z IMPORT_ERR app.ui.overlay: ModuleNotFoundError: No module named 'app.ui.overlay'
2025-09-20T03:50:44Z IMPORT_ERR app.main: ModuleNotFoundError: No module named 'app.main'
2025-09-20T03:50:44Z EXPORTS app._version -> ['Path', 'get_version_info']
2025-09-20T03:50:44Z EXPORTS app.app_merged -> ['Path']
2025-09-20T03:50:44Z EXPORTS app.app_patched -> ['List']
2025-09-20T03:50:44Z EXPORTS app.ui.main -> ['Path', 'get_version_info']
2025-09-20T03:50:44Z EXPORTS app.ui.safe -> ['Path', 'read_version_caption', 'safe_ingest', 'safe_read_text']
2025-09-20T03:50:44Z NO_EXPLICIT_ENTRY -> fallback to run_module
2025-09-20T03:50:44Z RUN_MODULE_AS_MAIN app.app_merged
2025-09-20T04:10:18Z Apply-v1.1.4c9d-UIShim.ps1 ProjectRoot=C:\Code\spectra-app
2025-09-20T04:10:18Z UIShim: wrote app\ui\entry.py
2025-09-20T04:10:18Z UIShim: appended render() shim to app_merged.py; backup=C:\Code\spectra-app\app\app_merged.py.bak.v1.1.4c9d
2025-09-20T04:10:19Z UIShim: purged __pycache__
